2023-07-30T03:45:06.129Z-error: Failed to update doctor from service
2023-07-30T03:47:55.851Z-error: Failed to delete doctor from service
2023-07-30T03:47:55.852Z-error: Failed to delete doctor from service
2023-07-30T03:49:35.494Z-error: Failed to update doctor from service
2023-07-30T03:51:02.654Z-error: Failed to delete doctor from service
2023-07-30T03:51:02.655Z-error: Failed to delete doctor from service
2023-07-30T03:51:21.092Z-error: Failed to delete doctor from service
2023-07-30T03:51:21.094Z-error: Failed to delete doctor from service
2023-07-30T03:52:32.419Z-error: Failed to delete doctor from service
2023-07-30T03:52:32.421Z-error: Failed to delete doctor from service
2023-07-30T03:53:09.801Z-error: Failed to delete doctor from service
2023-07-30T03:53:09.802Z-error: Failed to delete doctor from service
2023-07-30T03:53:14.075Z-error: Failed to delete doctor from service
2023-07-30T03:53:14.076Z-error: Failed to delete doctor from service
2023-07-30T03:54:00.139Z-error: Failed to delete doctor from service
2023-07-30T03:55:30.863Z-error: Failed to update doctor from service
2023-07-30T03:56:48.422Z-error: Failed to update doctor from service
2023-07-30T04:00:51.169Z-error: Failed to delete doctor from service
2023-07-30T04:01:14.910Z-error: Failed to delete doctor from service
2023-07-30T04:04:24.388Z-error: Failed to update doctor from service
2023-07-30T04:06:59.018Z-error: Failed to update doctor from service
2023-07-30T04:11:07.360Z-error: Failed to update doctor from service
2023-07-30T04:11:07.432Z-error: Failed to delete doctor from service
2023-07-30T04:16:48.251Z-error: Failed to update doctor from service
2023-07-30T04:16:48.329Z-error: Failed to delete doctor from service
2023-07-30T04:17:07.523Z-error: Failed to update doctor from service
2023-07-30T04:17:07.607Z-error: Failed to delete doctor from service
2023-07-30T04:20:15.229Z-error: Failed to update doctor from service
2023-07-30T04:20:15.309Z-error: Failed to delete doctor from service
2023-07-30T04:20:59.484Z-error: Failed to update doctor from service
2023-07-30T04:20:59.580Z-error: Failed to delete doctor from service
2023-07-30T04:21:27.702Z-error: Failed to update doctor from service
2023-07-30T04:21:27.769Z-error: Failed to delete doctor from service
2023-07-30T04:21:51.943Z-error: Failed to update doctor from service
2023-07-30T04:21:52.030Z-error: Failed to delete doctor from service
2023-07-30T04:24:49.543Z-error: Failed to update doctor from service
2023-07-30T04:24:49.613Z-error: Failed to delete doctor from service
2023-07-30T04:28:19.268Z-error: Record has not found yet
2023-07-30T04:28:19.277Z-error: Internal Server Error
2023-07-30T04:28:19.285Z-error: Failed updating doctor in controller
2023-07-30T04:28:19.288Z-error: Internal Server Error
2023-07-30T04:28:19.324Z-error: Internal Server Error
2023-07-30T04:30:03.013Z-error: Record has not found yet
2023-07-30T04:30:03.019Z-error: Internal Server Error
2023-07-30T04:30:03.026Z-error: Failed updating doctor in controller
2023-07-30T04:30:03.029Z-error: Internal Server Error
2023-07-30T04:30:03.067Z-error: Internal Server Error
2023-07-30T04:30:51.351Z-error: Record has not found yet
2023-07-30T04:30:51.358Z-error: Internal Server Error
2023-07-30T04:30:51.365Z-error: Failed updating doctor in controller
2023-07-30T04:30:51.370Z-error: Internal Server Error
2023-07-30T04:30:51.399Z-error: Internal Server Error
2023-07-30T04:46:24.668Z-error: Record has not found yet
2023-07-30T04:46:24.674Z-error: Internal Server Error
2023-07-30T04:46:24.684Z-error: Failed updating doctor in controller
2023-07-30T04:46:24.688Z-error: Internal Server Error
2023-07-30T04:46:24.729Z-error: Internal Server Error
2023-07-30T04:46:59.406Z-error: Record has not found yet
2023-07-30T04:46:59.414Z-error: Internal Server Error
2023-07-30T04:46:59.419Z-error: Failed updating doctor in controller
2023-07-30T04:46:59.422Z-error: Internal Server Error
2023-07-30T04:46:59.470Z-error: Internal Server Error
2023-07-30T04:47:27.207Z-error: Record has not found yet
2023-07-30T04:47:27.224Z-error: Internal Server Error
2023-07-30T04:47:27.232Z-error: Failed updating doctor in controller
2023-07-30T04:47:27.237Z-error: Internal Server Error
2023-07-30T04:47:27.253Z-error: Internal Server Error
2023-07-30T04:48:36.176Z-error: Record has not found yet
2023-07-30T04:48:36.182Z-error: Internal Server Error
2023-07-30T04:48:36.191Z-error: Failed updating doctor in controller
2023-07-30T04:48:36.195Z-error: Internal Server Error
2023-07-30T04:48:36.220Z-error: Internal Server Error
2023-07-30T04:49:20.814Z-error: Record has not found yet
2023-07-30T04:49:20.820Z-error: Internal Server Error
2023-07-30T04:49:20.829Z-error: Failed updating doctor in controller
2023-07-30T04:49:20.833Z-error: Internal Server Error
2023-07-30T04:49:20.844Z-error: Internal Server Error
2023-07-30T04:49:56.486Z-error: Record has not found yet
2023-07-30T04:49:56.493Z-error: Internal Server Error
2023-07-30T04:49:56.502Z-error: Failed updating doctor in controller
2023-07-30T04:49:56.507Z-error: Internal Server Error
2023-07-30T04:49:56.535Z-error: Internal Server Error
2023-07-30T04:53:38.409Z-error: Record has not found yet
2023-07-30T04:53:38.415Z-error: Internal Server Error
2023-07-30T04:53:38.424Z-error: Failed updating doctor in controller
2023-07-30T04:53:38.443Z-error: Internal Server Error
2023-07-30T04:53:38.473Z-error: Internal Server Error
2023-07-30T04:54:28.850Z-error: Record has not found yet
2023-07-30T04:54:28.855Z-error: Internal Server Error
2023-07-30T04:54:28.863Z-error: Failed updating doctor in controller
2023-07-30T04:54:28.866Z-error: Internal Server Error
2023-07-30T04:54:28.874Z-error: Internal Server Error
2023-07-30T04:55:36.966Z-error: Record has not found yet
2023-07-30T04:55:36.972Z-error: Internal Server Error
2023-07-30T04:55:36.990Z-error: Failed updating doctor in controller
2023-07-30T04:55:36.993Z-error: Internal Server Error
2023-07-30T04:55:37.001Z-error: Internal Server Error
2023-07-30T05:01:47.090Z-error: Failed to get appointment from service
2023-07-30T05:01:47.098Z-error: Failed to update appointment from service
2023-07-30T05:28:08.636Z-error: Failed to get appointment from service
2023-07-30T05:28:08.645Z-error: Failed to update appointment from service
2023-07-30T05:32:05.654Z-error: select * from "appointments" - no existe la relación «appointments»
2023-07-30T05:32:05.664Z-error: Failed getting all appointments from service
2023-07-30T05:38:32.295Z-error: Failed to get appointment from service
2023-07-30T05:38:32.307Z-error: Failed to update appointment from service
2023-07-30T05:38:32.315Z-error: Failed to delete Appointment from service
2023-07-30T05:41:04.966Z-error: Failed to get appointment from service
2023-07-30T05:41:04.978Z-error: Failed to update appointment from service
2023-07-30T05:41:04.985Z-error: Failed to delete Appointment from service
2023-07-30T05:45:01.857Z-error: Failed to get appointment from service
2023-07-30T05:45:01.866Z-error: Failed to update appointment from service
2023-07-30T05:45:01.876Z-error: Failed to delete Appointment from service
2023-07-30T05:45:40.884Z-error: Failed to get appointment from service
2023-07-30T05:45:40.899Z-error: Failed to update appointment from service
2023-07-30T05:45:40.908Z-error: Failed to delete Appointment from service
2023-07-30T05:48:42.838Z-error: Failed to get appointment from service
2023-07-30T05:48:42.847Z-error: Failed to update appointment from service
2023-07-30T05:48:42.854Z-error: Failed to delete Appointment from service
2023-07-30T05:50:37.508Z-error: Failed to get appointment from service
2023-07-30T05:50:37.518Z-error: Failed to update appointment from service
2023-07-30T05:50:37.530Z-error: Failed to delete Appointment from service
2023-07-30T05:53:48.033Z-error: Failed to get appointment from service
2023-07-30T05:53:48.045Z-error: Failed to update appointment from service
2023-07-30T05:53:48.054Z-error: Failed to delete Appointment from service
2023-07-30T05:56:23.372Z-error: Failed to get appointment from service
2023-07-30T05:56:23.382Z-error: Failed to update appointment from service
2023-07-30T05:56:23.393Z-error: Failed to delete Appointment from service
2023-07-30T05:59:28.549Z-error: Failed to get appointment from service
2023-07-30T05:59:28.558Z-error: Failed to update appointment from service
2023-07-30T05:59:28.565Z-error: Failed to delete Appointment from service
2023-07-30T06:00:11.476Z-error: Failed to get appointment from service
2023-07-30T06:00:11.487Z-error: Failed to update appointment from service
2023-07-30T06:00:11.493Z-error: Failed to delete Appointment from service
2023-07-30T06:01:20.901Z-error: Failed to get appointment from service
2023-07-30T06:01:20.910Z-error: Failed to update appointment from service
2023-07-30T06:01:20.919Z-error: Failed to delete Appointment from service
2023-07-30T06:03:51.468Z-error: Failed to get appointment from service
2023-07-30T06:03:51.479Z-error: Failed to update appointment from service
2023-07-30T06:04:42.655Z-error: Failed to get appointment from service
2023-07-30T06:04:42.664Z-error: Failed to update appointment from service
2023-07-30T06:04:42.670Z-error: Failed to delete Appointment from service
2023-07-30T06:05:54.952Z-error: Internal Server Error
2023-07-30T06:05:54.962Z-error: Internal Server Error
2023-07-30T06:05:54.971Z-error: Record has not found yet
2023-07-30T06:05:54.976Z-error: Internal Server Error
2023-07-30T06:08:42.598Z-error: Internal Server Error
2023-07-30T06:08:42.607Z-error: Internal Server Error
2023-07-30T06:08:42.614Z-error: Record has not found yet
2023-07-30T06:08:42.617Z-error: Internal Server Error
2023-07-30T06:12:03.104Z-error: Failed to get appointment from service
2023-07-30T06:12:03.113Z-error: Failed to update appointment from service
2023-07-30T06:12:03.118Z-error: Failed to delete Appointment from service
2023-07-30T15:32:08.169Z-error: Internal Server Error
2023-07-30T15:32:08.188Z-error: Internal Server Error
2023-07-30T15:32:08.196Z-error: Record has not found yet
2023-07-30T15:32:08.200Z-error: Internal Server Error
2023-07-30T15:32:08.757Z-error: Failed to update doctor from service
2023-07-30T15:32:08.789Z-error: Failed to delete doctor from service
2023-07-30T15:32:09.844Z-error: Record has not found yet
2023-07-30T15:32:09.858Z-error: Internal Server Error
2023-07-30T15:32:09.864Z-error: Failed updating doctor in controller
2023-07-30T15:32:09.868Z-error: Internal Server Error
2023-07-30T15:32:09.875Z-error: Internal Server Error
2023-07-30T15:32:10.220Z-error: Failed to get appointment from service
2023-07-30T15:32:10.229Z-error: Failed to update appointment from service
2023-07-30T15:32:10.234Z-error: Failed to delete Appointment from service
2023-07-30T15:41:04.254Z-error: select * from "appointments" - no existe la relación «appointments»
2023-07-30T15:41:04.256Z-error: Failed getting all appointments from service
2023-07-30T16:16:45.110Z-error: Internal Server Error
2023-07-30T16:16:45.122Z-error: Internal Server Error
2023-07-30T16:16:45.129Z-error: Record has not found yet
2023-07-30T16:16:45.139Z-error: Internal Server Error
2023-07-30T16:16:45.147Z-error: Failed updating appointment in controller
2023-07-30T16:18:09.911Z-error: Internal Server Error
2023-07-30T16:18:09.922Z-error: Internal Server Error
2023-07-30T16:18:09.930Z-error: Record has not found yet
2023-07-30T16:18:09.935Z-error: Internal Server Error
2023-07-30T16:18:09.944Z-error: Failed updating appointment in controller
2023-07-30T16:21:27.670Z-error: Internal Server Error
2023-07-30T16:21:27.679Z-error: Internal Server Error
2023-07-30T16:21:27.685Z-error: Record has not found yet
2023-07-30T16:21:27.690Z-error: Internal Server Error
2023-07-30T16:21:27.699Z-error: Failed updating appointment in controller
2023-07-30T16:37:02.468Z-error: Internal Server Error
2023-07-30T16:37:02.476Z-error: Internal Server Error
2023-07-30T16:37:02.484Z-error: Record has not found yet
2023-07-30T16:37:02.490Z-error: Internal Server Error
2023-07-30T16:37:02.500Z-error: Failed updating appointment in controller
2023-07-30T16:38:02.044Z-error: Internal Server Error
2023-07-30T16:38:02.078Z-error: Internal Server Error
2023-07-30T16:38:02.086Z-error: Record has not found yet
2023-07-30T16:38:02.090Z-error: Internal Server Error
2023-07-30T16:38:02.095Z-error: Failed updating appointment in controller
2023-07-30T16:38:02.393Z-error: Record has not found yet
2023-07-30T16:38:02.444Z-error: Internal Server Error
2023-07-30T16:38:02.451Z-error: Failed updating doctor in controller
2023-07-30T16:38:02.455Z-error: Internal Server Error
2023-07-30T16:38:02.465Z-error: Internal Server Error
2023-07-30T16:38:02.772Z-error: Failed to update doctor from service
2023-07-30T16:38:02.793Z-error: Failed to delete doctor from service
2023-07-30T16:38:03.016Z-error: Failed to get appointment from service
2023-07-30T16:38:03.023Z-error: Failed to update appointment from service
2023-07-30T16:38:03.028Z-error: Failed to delete Appointment from service
2023-07-31T19:38:36.695Z-error: Internal Server Error
2023-07-31T19:38:36.706Z-error: Internal Server Error
2023-07-31T19:38:36.735Z-error: Record has not found yet
2023-07-31T19:38:36.746Z-error: Internal Server Error
2023-07-31T19:38:36.769Z-error: Failed updating appointment in controller
2023-07-31T19:38:36.788Z-error: Appointment not found
2023-07-31T19:39:03.328Z-error: Internal Server Error
2023-07-31T19:39:03.341Z-error: Internal Server Error
2023-07-31T19:39:03.352Z-error: Record has not found yet
2023-07-31T19:39:03.359Z-error: Internal Server Error
2023-07-31T19:39:03.373Z-error: Failed updating appointment in controller
2023-07-31T19:39:03.385Z-error: Failed to delete Appointment
2023-07-31T19:39:58.043Z-error: Internal Server Error
2023-07-31T19:39:58.057Z-error: Internal Server Error
2023-07-31T19:39:58.067Z-error: Record has not found yet
2023-07-31T19:39:58.110Z-error: Internal Server Error
2023-07-31T19:39:58.154Z-error: Failed updating appointment in controller
2023-07-31T19:39:58.162Z-error: Failed to delete Appointment
2023-07-31T19:42:07.294Z-error: Internal Server Error
2023-07-31T19:42:07.307Z-error: Internal Server Error
2023-07-31T19:42:07.318Z-error: Record has not found yet
2023-07-31T19:42:07.354Z-error: Internal Server Error
2023-07-31T19:42:07.413Z-error: Failed updating appointment in controller
2023-07-31T19:42:07.492Z-error: Failed to delete Appointment
2023-07-31T19:44:16.181Z-error: Internal Server Error
2023-07-31T19:44:16.190Z-error: Internal Server Error
2023-07-31T19:44:16.197Z-error: Record has not found yet
2023-07-31T19:44:16.204Z-error: Internal Server Error
2023-07-31T19:44:16.220Z-error: Failed updating appointment in controller
2023-07-31T19:44:16.237Z-error: Failed to delete Appointment
2023-07-31T21:52:25.309Z-error: Unexpected string in JSON at position 32
2023-07-31T21:54:31.651Z-error: Failed to create patient in repository
2023-07-31T21:56:17.434Z-error: Failed to create patient in repository
2023-07-31T21:57:08.872Z-error: Id must be a number
2023-07-31T22:34:17.344Z-error: Failed to create patient in repository
2023-07-31T23:31:20.321Z-error: Failed updated patient in repository
2023-07-31T23:33:11.559Z-error: Failed updated patient in repository
2023-07-31T23:33:41.707Z-error: Failed updated patient in repository
2023-07-31T23:35:42.053Z-error: Failed updated patient in repository
2023-07-31T23:40:08.746Z-error: Failed updated patient in repository
2023-07-31T23:49:05.565Z-error: Failed updated patient in repository
2023-07-31T23:53:14.247Z-error: Unexpected token } in JSON at position 149
2023-07-31T23:55:28.803Z-error: Unexpected token } in JSON at position 121
2023-07-31T23:55:32.987Z-error: Failed updated patient in repository
2023-07-31T23:57:04.770Z-error: Failed updated patient in repository
2023-07-31T23:59:46.791Z-error: Failed to create patient in repository
2023-08-01T00:00:19.853Z-error: Failed to create patient in repository
2023-08-01T01:49:39.026Z-error: Failed to create patient in repository
